2022-04-25 18:21:38,445 - multiprocessing - INFO - Starting __main__
2022-04-25 18:21:38,445 - multiprocessing - INFO - Connecting to Oracle...
2022-04-25 18:21:40,231 - multiprocessing - INFO - Connected! Params: (<jaydebeapi.Connection object at 0x000001DD7D48C760>, <jaydebeapi.Cursor object at 0x000001DD7D48C5E0>)
2022-04-25 18:21:40,815 - multiprocessing - INFO - Connection closed
2022-04-25 18:21:40,826 - multiprocessing - INFO - process shutting down
2022-04-25 18:22:18,024 - multiprocessing - INFO - Starting __main__
2022-04-25 18:22:18,024 - multiprocessing - INFO - Connecting to Oracle...
2022-04-25 18:22:19,634 - multiprocessing - INFO - Connected! Params: (<jaydebeapi.Connection object at 0x000001F7FEDEC790>, <jaydebeapi.Cursor object at 0x000001F7FEDEC610>)
2022-04-25 18:22:20,163 - multiprocessing - INFO - Connection closed
2022-04-25 18:22:20,174 - multiprocessing - INFO - process shutting down
2022-04-26 14:54:29,589 - multiprocessing - INFO - Starting __main__
2022-04-26 14:54:29,589 - multiprocessing - INFO - Connecting to Oracle...
2022-04-26 14:54:31,778 - multiprocessing - INFO - Connected! Params: (<jaydebeapi.Connection object at 0x000002064C09C580>, <jaydebeapi.Cursor object at 0x000002064C09C430>)
2022-04-26 14:54:31,813 - multiprocessing - INFO - process shutting down
2022-04-26 14:54:57,765 - multiprocessing - INFO - Starting __main__
2022-04-26 14:54:57,765 - multiprocessing - INFO - Connecting to Oracle...
2022-04-26 14:54:59,279 - multiprocessing - INFO - Connected! Params: (<jaydebeapi.Connection object at 0x0000025AD469C430>, <jaydebeapi.Cursor object at 0x0000025AD469C580>)
2022-04-26 14:54:59,478 - multiprocessing - INFO - Connection closed
2022-04-26 14:54:59,500 - multiprocessing - INFO - process shutting down
2022-04-26 14:55:37,629 - multiprocessing - INFO - Starting __main__
2022-04-26 14:55:37,629 - multiprocessing - INFO - Connecting to Oracle...
2022-04-26 14:55:39,042 - multiprocessing - INFO - Connected! Params: (<jaydebeapi.Connection object at 0x0000021DDCBD96D0>, <jaydebeapi.Cursor object at 0x0000021DDCBD9550>)
2022-04-26 14:55:39,449 - multiprocessing - INFO - Connection closed
2022-04-26 14:55:39,461 - multiprocessing - INFO - process shutting down
2022-04-26 14:57:43,337 - multiprocessing - INFO - Starting __main__
2022-04-26 14:57:43,337 - multiprocessing - INFO - Connecting to Oracle...
2022-04-26 14:57:44,847 - multiprocessing - INFO - Connected! Params: (<jaydebeapi.Connection object at 0x000001B9F82B6970>, <jaydebeapi.Cursor object at 0x000001B9F82B67F0>)
2022-04-26 14:57:45,098 - multiprocessing - INFO - process shutting down
2022-04-30 10:35:41,646 - multiprocessing - INFO - Starting C:\Users\Ilya\PycharmProjects\GOLD/__main__
2022-04-30 10:35:41,646 - multiprocessing - INFO - Connecting to Oracle...
2022-04-30 10:35:41,647 - multiprocessing - INFO - Connected! Params: conn
2022-04-30 10:35:41,647 - multiprocessing - INFO - Start parsing data about Terminals. Path: C:\Users\Ilya\PycharmProjects\GOLD Pattern: terminals_[0-9]+.\.xlsx
2022-04-30 10:35:41,665 - multiprocessing - INFO - process shutting down
2022-04-30 10:37:46,965 - multiprocessing - INFO - Starting C:\Users\Ilya\PycharmProjects\GOLD/__main__
2022-04-30 10:37:46,966 - multiprocessing - INFO - Connecting to Oracle...
2022-04-30 10:37:46,966 - multiprocessing - INFO - Connected! Params: conn
2022-04-30 10:37:46,966 - multiprocessing - INFO - Start parsing data about Terminals. Path: C:\Users\Ilya\PycharmProjects\GOLD Pattern: terminals_[0-9]+.\.xlsx
2022-04-30 10:37:46,968 - multiprocessing - INFO - process shutting down
2022-04-30 10:38:14,371 - multiprocessing - INFO - Starting C:\Users\Ilya\PycharmProjects\GOLD/__main__
2022-04-30 10:38:14,371 - multiprocessing - INFO - Connecting to Oracle...
2022-04-30 10:38:14,372 - multiprocessing - INFO - Connected! Params: conn
2022-04-30 10:38:14,373 - multiprocessing - INFO - Start parsing data about Terminals. Path: C:\Users\Ilya\PycharmProjects\GOLD Pattern: terminals_[0-9]+.\.xlsx
2022-04-30 10:38:14,373 - multiprocessing - INFO - Connection closed
2022-04-30 10:38:14,374 - multiprocessing - INFO - process shutting down
2022-04-30 11:01:59,375 - multiprocessing - INFO - Starting C:\Users\Ilya\PycharmProjects\GOLD/__main__
2022-04-30 11:01:59,376 - multiprocessing - INFO - Connecting to Oracle...
2022-04-30 11:01:59,377 - multiprocessing - INFO - Connected! Params: conn
2022-04-30 11:01:59,377 - multiprocessing - INFO - Start parsing data about Terminals. Path: C:\Users\Ilya\PycharmProjects\GOLD Pattern: terminals_[0-9]+.\.xlsx
2022-04-30 11:01:59,378 - multiprocessing - INFO - Connection closed
2022-04-30 11:01:59,378 - multiprocessing - INFO - process shutting down
2022-04-30 11:28:02,694 - multiprocessing - INFO - Starting C:\Users\Ilya\PycharmProjects\GOLD/__main__
2022-04-30 11:28:02,695 - multiprocessing - INFO - Connecting to Oracle...
2022-04-30 11:28:03,074 - multiprocessing - INFO - Setting connection failed with Exception: No JVM shared library file (jvm.dll) found. Try setting up the JAVA_HOME environment variable properly.
2022-04-30 11:28:03,079 - multiprocessing - INFO - process shutting down
2022-04-30 11:30:22,774 - multiprocessing - INFO - Starting C:\Users\Ilya\PycharmProjects\GOLD/__main__
2022-04-30 11:30:22,774 - multiprocessing - INFO - Connecting to Oracle...
2022-04-30 11:30:22,775 - multiprocessing - INFO - process shutting down
2022-04-30 11:31:24,534 - multiprocessing - INFO - Starting C:\Users\Ilya\PycharmProjects\GOLD/__main__
2022-04-30 11:31:24,534 - multiprocessing - INFO - Connecting to Oracle...
2022-04-30 11:31:24,536 - multiprocessing - INFO - process shutting down
2022-04-30 11:32:17,833 - multiprocessing - INFO - Starting C:\Users\Ilya\PycharmProjects\GOLD/__main__
2022-04-30 11:32:17,833 - multiprocessing - INFO - Connecting to Oracle...
2022-04-30 11:32:17,879 - multiprocessing - INFO - Setting connection failed with Exception: No JVM shared library file (jvm.dll) found. Try setting up the JAVA_HOME environment variable properly.
2022-04-30 11:32:17,883 - multiprocessing - INFO - process shutting down
2022-04-30 11:35:54,721 - multiprocessing - INFO - Starting C:\Users\Ilya\PycharmProjects\GOLD/__main__
2022-04-30 11:35:54,721 - multiprocessing - INFO - Connecting to Oracle...
2022-04-30 11:35:54,980 - multiprocessing - INFO - Setting connection failed with Exception: No JVM shared library file (jvm.dll) found. Try setting up the JAVA_HOME environment variable properly.
2022-04-30 11:35:54,985 - multiprocessing - INFO - process shutting down
2022-04-30 11:39:33,630 - multiprocessing - INFO - Starting C:\Users\Ilya\PycharmProjects\GOLD/__main__
2022-04-30 11:39:33,630 - multiprocessing - INFO - Connecting to Oracle...
2022-04-30 11:39:33,880 - multiprocessing - INFO - Setting connection failed with Exception: No JVM shared library file (jvm.dll) found. Try setting up the JAVA_HOME environment variable properly.
2022-04-30 11:39:33,883 - multiprocessing - INFO - process shutting down
2022-04-30 11:49:52,760 - multiprocessing - INFO - Starting C:\Users\Ilya\PycharmProjects\GOLD/__main__
2022-04-30 11:49:52,761 - multiprocessing - INFO - Connecting to Oracle...
2022-04-30 11:49:58,469 - multiprocessing - INFO - Connection established! Params: <jaydebeapi.Connection object at 0x000001C582DA5B70>
2022-04-30 11:49:58,469 - multiprocessing - INFO - Checking connection: <jaydebeapi.Connection object at 0x000001C582DA5B70> by query: select 1 from DUAL
2022-04-30 11:49:58,470 - multiprocessing - INFO - Connection <jaydebeapi.Connection object at 0x000001C582DA5B70> is broken with Exception 'Connection' object has no attribute 'get_cursor'
2022-04-30 11:49:58,471 - multiprocessing - INFO - Start parsing data about Terminals. Path: C:\Users\Ilya\PycharmProjects\GOLD Pattern: terminals_[0-9]+.\.xlsx
2022-04-30 11:49:58,517 - multiprocessing - INFO - Connection closed
2022-04-30 11:49:58,577 - multiprocessing - INFO - process shutting down
2022-04-30 11:51:11,452 - multiprocessing - INFO - Starting C:\Users\Ilya\PycharmProjects\GOLD/__main__
2022-04-30 11:51:11,452 - multiprocessing - INFO - Connecting to Oracle...
2022-04-30 11:51:15,184 - multiprocessing - INFO - Connection established! Params: <jaydebeapi.Connection object at 0x00000226856BDBA0>
2022-04-30 11:51:15,184 - multiprocessing - INFO - Checking connection: <jaydebeapi.Connection object at 0x00000226856BDBA0> by query: select 1 from DUAL
2022-04-30 11:51:16,153 - multiprocessing - INFO - Connection <jaydebeapi.Connection object at 0x00000226856BDBA0> successfully checked
2022-04-30 11:51:16,153 - multiprocessing - INFO - Start parsing data about Terminals. Path: C:\Users\Ilya\PycharmProjects\GOLD Pattern: terminals_[0-9]+.\.xlsx
2022-04-30 11:51:16,266 - multiprocessing - INFO - Connection closed
2022-04-30 11:51:16,345 - multiprocessing - INFO - process shutting down
2022-04-30 11:52:11,047 - multiprocessing - INFO - Starting C:\Users\Ilya\PycharmProjects\GOLD/__main__
2022-04-30 11:52:11,048 - multiprocessing - INFO - Connecting to Oracle...
2022-04-30 11:52:14,954 - multiprocessing - INFO - Connection established! Params: <jaydebeapi.Connection object at 0x000001D510DA5B70>
2022-04-30 11:52:14,954 - multiprocessing - INFO - Checking connection: <jaydebeapi.Connection object at 0x000001D510DA5B70> by query: select 1 from DUAL
2022-04-30 11:52:16,515 - multiprocessing - INFO - Connection <jaydebeapi.Connection object at 0x000001D510DA5B70> successfully checked
2022-04-30 11:52:16,515 - multiprocessing - INFO - Start parsing data about Terminals. Path: C:\Users\Ilya\PycharmProjects\GOLD Pattern: terminals_[0-9]+.\.xlsx
2022-04-30 11:52:16,517 - multiprocessing - INFO - ['terminals_01032021.xlsx', 'terminals_02032021.xlsx', 'terminals_03032021.xlsx']
2022-04-30 11:52:16,540 - multiprocessing - INFO - Connection closed
2022-04-30 11:52:16,555 - multiprocessing - INFO - process shutting down
2022-04-30 12:09:11,762 - multiprocessing - INFO - Starting C:\Users\Ilya\PycharmProjects\GOLD/__main__
2022-04-30 12:09:11,763 - multiprocessing - INFO - Connecting to Oracle...
2022-04-30 12:09:15,134 - multiprocessing - INFO - Connection established! Params: <jaydebeapi.Connection object at 0x000001BC0E335B70>
2022-04-30 12:09:15,134 - multiprocessing - INFO - Checking connection: <jaydebeapi.Connection object at 0x000001BC0E335B70> by query: select 1 from DUAL
2022-04-30 12:09:15,831 - multiprocessing - INFO - Connection <jaydebeapi.Connection object at 0x000001BC0E335B70> successfully checked
2022-04-30 12:09:15,831 - multiprocessing - INFO - Start parsing data about Terminals. Path: C:\Users\Ilya\PycharmProjects\GOLD Pattern: terminals_[0-9]+.\.xlsx
2022-04-30 12:09:15,833 - multiprocessing - INFO - List of files for processing: ['terminals_01032021.xlsx', 'terminals_02032021.xlsx', 'terminals_03032021.xlsx']
2022-04-30 12:09:15,853 - multiprocessing - INFO - Connection closed
2022-04-30 12:09:15,867 - multiprocessing - INFO - process shutting down
2022-04-30 12:16:40,314 - multiprocessing - INFO - Starting C:\Users\Ilya\PycharmProjects\GOLD/__main__
2022-04-30 12:16:40,315 - multiprocessing - INFO - Connecting to Oracle...
2022-04-30 12:16:44,119 - multiprocessing - INFO - Connection established! Params: <jaydebeapi.Connection object at 0x0000023617435B40>
2022-04-30 12:16:44,119 - multiprocessing - INFO - Checking connection: <jaydebeapi.Connection object at 0x0000023617435B40> by query: select 1 from DUAL
2022-04-30 12:16:45,223 - multiprocessing - INFO - Connection <jaydebeapi.Connection object at 0x0000023617435B40> successfully checked
2022-04-30 12:16:45,224 - multiprocessing - INFO - Start parsing data about Terminals. Path: C:\Users\Ilya\PycharmProjects\GOLD Pattern: terminals_[0-9]+.\.xlsx
2022-04-30 12:16:45,225 - multiprocessing - INFO - List of files for processing: ['terminals_01032021.xlsx', 'terminals_02032021.xlsx', 'terminals_03032021.xlsx']
2022-04-30 12:16:45,386 - multiprocessing - INFO - process shutting down
2022-04-30 12:17:29,398 - multiprocessing - INFO - Starting C:\Users\Ilya\PycharmProjects\GOLD/__main__
2022-04-30 12:17:29,399 - multiprocessing - INFO - Connecting to Oracle...
2022-04-30 12:17:33,406 - multiprocessing - INFO - Connection established! Params: <jaydebeapi.Connection object at 0x000001A27C095B40>
2022-04-30 12:17:33,407 - multiprocessing - INFO - Checking connection: <jaydebeapi.Connection object at 0x000001A27C095B40> by query: select 1 from DUAL
2022-04-30 12:17:33,982 - multiprocessing - INFO - Connection <jaydebeapi.Connection object at 0x000001A27C095B40> successfully checked
2022-04-30 12:17:33,982 - multiprocessing - INFO - Start parsing data about Terminals. Path: C:\Users\Ilya\PycharmProjects\GOLD Pattern: terminals_[0-9]+.\.xlsx
2022-04-30 12:17:33,983 - multiprocessing - INFO - List of files for processing: ['terminals_01032021.xlsx', 'terminals_02032021.xlsx', 'terminals_03032021.xlsx']
2022-04-30 12:17:34,031 - multiprocessing - INFO - process shutting down
2022-04-30 12:18:30,393 - multiprocessing - INFO - Starting C:\Users\Ilya\PycharmProjects\GOLD/__main__
2022-04-30 12:18:30,393 - multiprocessing - INFO - Connecting to Oracle...
2022-04-30 12:18:33,440 - multiprocessing - INFO - Connection established! Params: <jaydebeapi.Connection object at 0x00000275B9405B40>
2022-04-30 12:18:33,440 - multiprocessing - INFO - Checking connection: <jaydebeapi.Connection object at 0x00000275B9405B40> by query: select 1 from DUAL
2022-04-30 12:18:33,838 - multiprocessing - INFO - Connection <jaydebeapi.Connection object at 0x00000275B9405B40> successfully checked
2022-04-30 12:18:33,838 - multiprocessing - INFO - Start parsing data about Terminals. Path: C:\Users\Ilya\PycharmProjects\GOLD Pattern: terminals_[0-9]+.\.xlsx
2022-04-30 12:18:33,839 - multiprocessing - INFO - List of files for processing: ['terminals_01032021.xlsx', 'terminals_02032021.xlsx', 'terminals_03032021.xlsx']
2022-04-30 12:18:33,940 - multiprocessing - INFO - process shutting down
2022-04-30 12:21:49,239 - multiprocessing - INFO - Starting C:\Users\Ilya\PycharmProjects\GOLD/__main__
2022-04-30 12:21:49,239 - multiprocessing - INFO - Connecting to Oracle...
2022-04-30 12:21:52,026 - multiprocessing - INFO - Connection established! Params: <jaydebeapi.Connection object at 0x000002AB121F9B40>
2022-04-30 12:21:52,026 - multiprocessing - INFO - Checking connection: <jaydebeapi.Connection object at 0x000002AB121F9B40> by query: select 1 from DUAL
2022-04-30 12:21:52,453 - multiprocessing - INFO - Connection <jaydebeapi.Connection object at 0x000002AB121F9B40> successfully checked
2022-04-30 12:21:52,453 - multiprocessing - INFO - Start parsing data about Terminals. Path: C:\Users\Ilya\PycharmProjects\GOLD Pattern: terminals_[0-9]+.\.xlsx
2022-04-30 12:21:52,454 - multiprocessing - INFO - List of files for processing: ['terminals_01032021.xlsx', 'terminals_02032021.xlsx', 'terminals_03032021.xlsx']
2022-04-30 12:21:53,883 - multiprocessing - INFO -     terminal_id  ...                              terminal_address
0         A1096  ...  г. Кемерово, 1-й Электрозаводский пер., д. 3
1         A1099  ...          г. Баймак, Б. Лёвшинский пер., д. 37
2         A1203  ...    г. Стерлитамак, Электрозаводская ул., д. 3
3         A1553  ...            г. Воронеж, пр. Энтузиастов, д. 44
4         A1641  ...        г. Москва, 1-й Южнопортовый пр., д. 26
..          ...  ...                                           ...
145       P9862  ...     г. Новокузнецк, Б. Лёвшинский пер., д. 21
146       P9889  ...               г. Усмань, Шушенская ул., д. 14
147       P9974  ...                   г. Томск, ул. Шухова, д. 22
148       P9977  ...    г. Нижний Новгород, М. Юшуньская ул., д. 1
149       P9978  ...          г. Знаменск, Электролитный пр., д. 5

[150 rows x 4 columns]
2022-04-30 12:21:53,967 - multiprocessing - INFO - Connection closed
2022-04-30 12:21:53,990 - multiprocessing - INFO - process shutting down
